C51 COMPILER V9.57.0.0   DS18B20                                                           11/22/2024 17:06:58 PAGE 1   


C51 COMPILER V9.57.0.0, COMPILATION OF MODULE DS18B20
OBJECT MODULE PLACED IN .\Objects\DS18B20.obj
COMPILER INVOKED BY: D:\Keil_v5\C51\BIN\C51.EXE DS18B20.c OPTIMIZE(8,SPEED) BROWSE DEBUG OBJECTEXTEND PRINT(.\Listings\D
                    -S18B20.lst) TABS(2) OBJECT(.\Objects\DS18B20.obj)

line level    source

   1          #include <REGX52.H>
   2          #include "OneWire.h"
   3          #include "LCD1602.h"
   4          
   5          //DS18B20指令
   6          #define DS18B20_SKIP_ROM      0xCC
   7          #define DS18B20_CONVERT_T     0x44
   8          #define DS18B20_READ_SCRATCHPAD   0xBE
   9          
  10          /**
  11            * @brief  DS18B20开始温度变换
  12            * @param  无
  13            * @retval 无
  14            */
  15          void DS18B20_ConvertT(void)
  16          {
  17   1        OneWire_Init();
  18   1        OneWire_SendByte(DS18B20_SKIP_ROM);
  19   1        OneWire_SendByte(DS18B20_CONVERT_T);
  20   1      }
  21          
  22          /**
  23            * @brief  DS18B20读取温度
  24            * @param  无
  25            * @retval 温度数值
  26            */
  27          float DS18B20_ReadT(void)
  28          {
  29   1        unsigned char TLSB,TMSB;
  30   1        int Temp;
  31   1        float T;
  32   1        OneWire_Init();
  33   1        OneWire_SendByte(DS18B20_SKIP_ROM);
  34   1        OneWire_SendByte(DS18B20_READ_SCRATCHPAD);
  35   1        TLSB=OneWire_ReceiveByte();
  36   1        TMSB=OneWire_ReceiveByte();
  37   1        LCD_ShowBinNum(1,1,TMSB,8);
  38   1        LCD_ShowBinNum(1,9,TLSB,8);
  39   1        
  40   1        Temp=(TMSB<<8)|TLSB;//合成一个十六位
  41   1        T=Temp/16.0;
  42   1        return T;
  43   1      }


MODULE INFORMATION:   STATIC OVERLAYABLE
   CODE SIZE        =     88    ----
   CONSTANT SIZE    =   ----    ----
   XDATA SIZE       =   ----    ----
   PDATA SIZE       =   ----    ----
   DATA SIZE        =   ----       2
   IDATA SIZE       =   ----    ----
   BIT SIZE         =   ----    ----
END OF MODULE INFORMATION.

C51 COMPILER V9.57.0.0   DS18B20                                                           11/22/2024 17:06:58 PAGE 2   


C51 COMPILATION COMPLETE.  0 WARNING(S),  0 ERROR(S)
