C51 COMPILER V9.57.0.0   MAIN                                                              09/28/2024 20:08:39 PAGE 1   


C51 COMPILER V9.57.0.0, COMPILATION OF MODULE MAIN
OBJECT MODULE PLACED IN .\Objects\main.obj
COMPILER INVOKED BY: D:\Keil_v5\C51\BIN\C51.EXE main.c OPTIMIZE(8,SPEED) BROWSE DEBUG OBJECTEXTEND PRINT(.\Listings\main
                    -.lst) TABS(2) OBJECT(.\Objects\main.obj)

line level    source

   1          #include <REGX52.H>
   2          #include "LCD1602.h"
   3          #include "Delay.h"
   4          void main()
   5          {
   6   1        int Result=0;
   7   1        LCD_Init(); 
   8   1      //  LCD_ShowChar(1,1,'a');
   9   1      //  
  10   1      //  LCD_ShowString(1,3,"hello");
  11   1      //    
  12   1      //  LCD_ShowNum(1,9,123,3);
  13   1      //    
  14   1      //  LCD_ShowSignedNum(1,13,-66,2);
  15   1        LCD_ShowHexNum(2,1,0xA8,2);
  16   1        LCD_ShowBinNum(2,4,0xAA,8);
  17   1        
  18   1        while(1)
  19   1        {
  20   2          Result++;
  21   2          Delay(1000);
  22   2          LCD_ShowNum(1,1,Result,3);
  23   2        }
  24   1      }


MODULE INFORMATION:   STATIC OVERLAYABLE
   CODE SIZE        =     67    ----
   CONSTANT SIZE    =   ----    ----
   XDATA SIZE       =   ----    ----
   PDATA SIZE       =   ----    ----
   DATA SIZE        =   ----       2
   IDATA SIZE       =   ----    ----
   BIT SIZE         =   ----    ----
END OF MODULE INFORMATION.


C51 COMPILATION COMPLETE.  0 WARNING(S),  0 ERROR(S)
