C51 COMPILER V9.57.0.0   MAIN                                                              11/22/2024 17:06:57 PAGE 1   


C51 COMPILER V9.57.0.0, COMPILATION OF MODULE MAIN
OBJECT MODULE PLACED IN .\Objects\main.obj
COMPILER INVOKED BY: D:\Keil_v5\C51\BIN\C51.EXE main.c OPTIMIZE(8,SPEED) BROWSE DEBUG OBJECTEXTEND PRINT(.\Listings\main
                    -.lst) TABS(2) OBJECT(.\Objects\main.obj)

line level    source

   1          #include <REGX52.H>
   2          #include "LCD1602.h"
   3          #include "DS18B20.h"
   4          #include "Delay.h"
   5          
   6          float T;
   7          
   8          
   9          void main()
  10          {
  11   1        DS18B20_ConvertT();   //上电先转换一次温度，防止第一次读数据错误
  12   1        Delay(1000);      //等待转换完成
  13   1        
  14   1        LCD_Init();
  15   1        //LCD_ShowString(1,1,"Temperature:");
  16   1        
  17   1        while(1)
  18   1        {
  19   2          DS18B20_ConvertT(); //转换温度
  20   2          T=DS18B20_ReadT();  //读取温度
  21   2          if(T<0)       //如果温度小于0
  22   2          {
  23   3            LCD_ShowChar(2,1,'-');  //显示负号
  24   3            T=-T;     //将温度变为正数
  25   3          }
  26   2          else        //如果温度大于等于0
  27   2          {
  28   3            LCD_ShowChar(2,1,'+');  //显示正号
  29   3          }
  30   2          LCD_ShowNum(2,2,T,3);   //显示温度整数部分
  31   2          LCD_ShowChar(2,5,'.');    //显示小数点
  32   2          
  33   2          LCD_ShowNum(2,6,(unsigned long)(T*10000)%10000,4);//显示温度小数部分，取四位小数部分
  34   2        }
  35   1      }
  36          


MODULE INFORMATION:   STATIC OVERLAYABLE
   CODE SIZE        =    163    ----
   CONSTANT SIZE    =   ----    ----
   XDATA SIZE       =   ----    ----
   PDATA SIZE       =   ----    ----
   DATA SIZE        =      4    ----
   IDATA SIZE       =   ----    ----
   BIT SIZE         =   ----    ----
END OF MODULE INFORMATION.


C51 COMPILATION COMPLETE.  0 WARNING(S),  0 ERROR(S)
