C51 COMPILER V9.57.0.0   MAIN                                                              09/28/2024 12:18:24 PAGE 1   


C51 COMPILER V9.57.0.0, COMPILATION OF MODULE MAIN
OBJECT MODULE PLACED IN .\Objects\main.obj
COMPILER INVOKED BY: D:\Keil_v5\C51\BIN\C51.EXE main.c OPTIMIZE(8,SPEED) BROWSE DEBUG OBJECTEXTEND PRINT(.\Listings\main
                    -.lst) TABS(2) OBJECT(.\Objects\main.obj)

line level    source

   1          #include <REGX52.H>
   2          #include <INTRINS.H>
   3          //自定义延时函数
   4          void Delay1ms(unsigned int xms)   //@11.0592MHz
   5          {
   6   1        unsigned char i, j;
   7   1        _nop_();
   8   1        while(xms)
   9   1       {
  10   2        i = 2;
  11   2        j = 199;
  12   2        do
  13   2        {
  14   3          while (--j);
  15   3        } while (--i);
  16   2        xms--;
  17   2       }
  18   1        
  19   1      }
  20          void main()
  21          {
  22   1        while(1)
  23   1        {
  24   2          P2=0xFE;//1111 1110
  25   2          Delay1ms(200);
  26   2          P2=0xFD;//1111 1101
  27   2          Delay1ms(500);
  28   2          P2=0xFB;//1111 1011
  29   2          Delay1ms(200);
  30   2          P2=0xF7;//1111 0111
  31   2          Delay1ms(200);
  32   2          P2=0xEF;//1110 1111
  33   2          Delay1ms(100);
  34   2          P2=0xDF;//1101 1111
  35   2          Delay1ms(400);
  36   2          P2=0xBF;//1011 1111
  37   2          Delay1ms(200);
  38   2          P2=0x7F;//0111 1111
  39   2          Delay1ms(800);
  40   2        }
  41   1      }


MODULE INFORMATION:   STATIC OVERLAYABLE
   CODE SIZE        =     91    ----
   CONSTANT SIZE    =   ----    ----
   XDATA SIZE       =   ----    ----
   PDATA SIZE       =   ----    ----
   DATA SIZE        =   ----    ----
   IDATA SIZE       =   ----    ----
   BIT SIZE         =   ----    ----
END OF MODULE INFORMATION.


C51 COMPILATION COMPLETE.  0 WARNING(S),  0 ERROR(S)
