C51 COMPILER V9.57.0.0   MIAN                                                              09/28/2024 19:14:11 PAGE 1   


C51 COMPILER V9.57.0.0, COMPILATION OF MODULE MIAN
OBJECT MODULE PLACED IN .\Objects\mian.obj
COMPILER INVOKED BY: D:\Keil_v5\C51\BIN\C51.EXE mian.c OPTIMIZE(8,SPEED) BROWSE DEBUG OBJECTEXTEND PRINT(.\Listings\mian
                    -.lst) TABS(2) OBJECT(.\Objects\mian.obj)

line level    source

   1          #include <REGX52.H>
   2          unsigned char NixieTable[]={0x3F,0x06,0x5B,0x4F,0x66,0x6D,0x7D,0x07,0x7F,0x6F};
   3          //
   4          void NixieTube(unsigned char Location,Number)
   5          {
   6   1        switch(Location)
   7   1        {
   8   2            case 1:P2_4=1;P2_3=1;P2_2=1;break;//第一位数码管
   9   2            case 2:P2_4=1;P2_3=1;P2_2=0;break;
  10   2            case 3:P2_4=1;P2_3=0;P2_2=1;break;
  11   2            case 4:P2_4=1;P2_3=0;P2_2=0;break;
  12   2            case 5:P2_4=0;P2_3=1;P2_2=1;break;
  13   2            case 6:P2_4=0;P2_3=1;P2_2=0;break;
  14   2            case 7:P2_4=0;P2_3=0;P2_2=1;break;
  15   2            case 8:P2_4=0;P2_3=0;P2_2=0;break;//第八位数码管  
  16   2        }
  17   1      //  P0=0x7D;
  18   1        P0=NixieTable[Number];
  19   1        
  20   1      }
  21          void main()
  22          {
  23   1        //  P2_2=0;
  24   1        //  P2_3=0;
  25   1        //  P2_4=0;//位选
  26   1        //  
  27   1        //  P0=0x7D;//段选
  28   1        NixieTube(6,3);
  29   1        while(1);
  30   1      }


MODULE INFORMATION:   STATIC OVERLAYABLE
   CODE SIZE        =    110    ----
   CONSTANT SIZE    =   ----    ----
   XDATA SIZE       =   ----    ----
   PDATA SIZE       =   ----    ----
   DATA SIZE        =     10    ----
   IDATA SIZE       =   ----    ----
   BIT SIZE         =   ----    ----
END OF MODULE INFORMATION.


C51 COMPILATION COMPLETE.  0 WARNING(S),  0 ERROR(S)
